2022-11-07 01:38:46:3846 error: {}
2022-11-07 03:37:20:3720 error: {}
2022-11-07 03:37:51:3751 error: {}
2022-11-07 03:44:36:4436 error: {}
2022-11-07 22:13:59:1359 error: {}
2022-11-07 22:16:37:1637 error: {}
2022-11-07 22:17:31:1731 error: {}
2022-11-07 22:18:52:1852 error: {}
2022-11-07 22:19:57:1957 error: {}
2022-11-07 22:21:00:210 error: {}
2022-11-07 22:21:43:2143 error: {}
2022-11-07 22:25:12:2512 error: {}
2022-11-07 22:25:47:2547 error: {}
2022-11-07 22:27:00:270 error: {"reason":null,"code":"CALL_EXCEPTION","method":"expand(uint256,uint256)","data":"0x4e487b710000000000000000000000000000000000000000000000000000000000000032","errorArgs":[{"type":"BigNumber","hex":"0x32"}],"errorName":"Panic","errorSignature":"Panic(uint256)","address":"0x7A20f1dF30eD5e9c9375Ef9Fd92e54CFC6dc2c7E","args":[10,100],"transaction":{"data":"0x874b3afc000000000000000000000000000000000000000000000000000000000000000a0000000000000000000000000000000000000000000000000000000000000064","to":"0x7A20f1dF30eD5e9c9375Ef9Fd92e54CFC6dc2c7E","from":"0xd5456285F2878091fEEEEA645cd2479C2db53C21"}}
2022-11-07 22:29:03:293 error: {"reason":null,"code":"CALL_EXCEPTION","method":"expand(uint256,uint256)","data":"0x4e487b710000000000000000000000000000000000000000000000000000000000000032","errorArgs":[{"type":"BigNumber","hex":"0x32"}],"errorName":"Panic","errorSignature":"Panic(uint256)","address":"0x7A20f1dF30eD5e9c9375Ef9Fd92e54CFC6dc2c7E","args":[10,100],"transaction":{"data":"0x874b3afc000000000000000000000000000000000000000000000000000000000000000a0000000000000000000000000000000000000000000000000000000000000064","to":"0x7A20f1dF30eD5e9c9375Ef9Fd92e54CFC6dc2c7E","from":"0xd5456285F2878091fEEEEA645cd2479C2db53C21"}}
2022-11-07 22:35:40:3540 error: {"reason":null,"code":"CALL_EXCEPTION","method":"expand(uint256,uint256)","data":"0x4e487b710000000000000000000000000000000000000000000000000000000000000032","errorArgs":[{"type":"BigNumber","hex":"0x32"}],"errorName":"Panic","errorSignature":"Panic(uint256)","address":"0x7A20f1dF30eD5e9c9375Ef9Fd92e54CFC6dc2c7E","args":[10,100],"transaction":{"data":"0x874b3afc000000000000000000000000000000000000000000000000000000000000000a0000000000000000000000000000000000000000000000000000000000000064","to":"0x7A20f1dF30eD5e9c9375Ef9Fd92e54CFC6dc2c7E","from":"0xd5456285F2878091fEEEEA645cd2479C2db53C21"}}
2022-11-07 23:06:40:640 error: {"reason":null,"code":"CALL_EXCEPTION","method":"expand(uint256,uint256)","data":"0x4e487b710000000000000000000000000000000000000000000000000000000000000032","errorArgs":[{"type":"BigNumber","hex":"0x32"}],"errorName":"Panic","errorSignature":"Panic(uint256)","address":"0xa87D3cA4f446F9617E25Ec0683C71c5B81A225aD","args":[10,100],"transaction":{"data":"0x874b3afc000000000000000000000000000000000000000000000000000000000000000a0000000000000000000000000000000000000000000000000000000000000064","to":"0xa87D3cA4f446F9617E25Ec0683C71c5B81A225aD","from":"0xd5456285F2878091fEEEEA645cd2479C2db53C21"}}
2022-11-07 23:26:15:2615 error: {"reason":null,"code":"CALL_EXCEPTION","method":"expand(uint256,uint256)","data":"0x4e487b710000000000000000000000000000000000000000000000000000000000000032","errorArgs":[{"type":"BigNumber","hex":"0x32"}],"errorName":"Panic","errorSignature":"Panic(uint256)","address":"0xa87D3cA4f446F9617E25Ec0683C71c5B81A225aD","args":[10,100],"transaction":{"data":"0x874b3afc000000000000000000000000000000000000000000000000000000000000000a0000000000000000000000000000000000000000000000000000000000000064","to":"0xa87D3cA4f446F9617E25Ec0683C71c5B81A225aD"}}
2022-11-07 23:56:43:5643 error: {"reason":null,"code":"CALL_EXCEPTION","method":"expand(uint256,uint256)","data":"0x4e487b710000000000000000000000000000000000000000000000000000000000000032","errorArgs":[{"type":"BigNumber","hex":"0x32"}],"errorName":"Panic","errorSignature":"Panic(uint256)","address":"0xa87D3cA4f446F9617E25Ec0683C71c5B81A225aD","args":[10,100],"transaction":{"data":"0x874b3afc000000000000000000000000000000000000000000000000000000000000000a0000000000000000000000000000000000000000000000000000000000000064","to":"0xa87D3cA4f446F9617E25Ec0683C71c5B81A225aD"}}
2022-11-08 00:06:00:60 error: {}
2022-11-08 00:07:57:757 error: {"reason":null,"code":"CALL_EXCEPTION","method":"expand(uint256,uint256)","data":"0x4e487b710000000000000000000000000000000000000000000000000000000000000032","errorArgs":[{"type":"BigNumber","hex":"0x32"}],"errorName":"Panic","errorSignature":"Panic(uint256)","address":"0xa87D3cA4f446F9617E25Ec0683C71c5B81A225aD","args":[10,100],"transaction":{"data":"0x874b3afc000000000000000000000000000000000000000000000000000000000000000a0000000000000000000000000000000000000000000000000000000000000064","to":"0xa87D3cA4f446F9617E25Ec0683C71c5B81A225aD"}}
2022-11-08 00:15:30:1530 error: {"reason":null,"code":"CALL_EXCEPTION","method":"expand(uint256,uint256)","data":"0x4e487b710000000000000000000000000000000000000000000000000000000000000032","errorArgs":[{"type":"BigNumber","hex":"0x32"}],"errorName":"Panic","errorSignature":"Panic(uint256)","address":"0xa87D3cA4f446F9617E25Ec0683C71c5B81A225aD","args":[10,100],"transaction":{"data":"0x874b3afc000000000000000000000000000000000000000000000000000000000000000a0000000000000000000000000000000000000000000000000000000000000064","to":"0xa87D3cA4f446F9617E25Ec0683C71c5B81A225aD"}}
2022-11-08 00:20:38:2038 error: {"reason":null,"code":"CALL_EXCEPTION","method":"expand(uint256,uint256)","data":"0x4e487b710000000000000000000000000000000000000000000000000000000000000032","errorArgs":[{"type":"BigNumber","hex":"0x32"}],"errorName":"Panic","errorSignature":"Panic(uint256)","address":"0xa87D3cA4f446F9617E25Ec0683C71c5B81A225aD","args":[10,100],"transaction":{"data":"0x874b3afc000000000000000000000000000000000000000000000000000000000000000a0000000000000000000000000000000000000000000000000000000000000064","to":"0xa87D3cA4f446F9617E25Ec0683C71c5B81A225aD"}}
2022-11-08 00:58:24:5824 error: {"index":0,"code":11000,"keyPattern":{"contestId":1},"keyValue":{"contestId":"63692a0dd7405fcd7d20ecf8"}}
2022-11-08 03:03:41:341 error: {}
2022-11-12 11:26:13:2613 error: {"stringValue":"\"dkdk\"","valueType":"string","kind":"ObjectId","value":"dkdk","path":"contestId","reason":{},"name":"CastError","message":"Cast to ObjectId failed for value \"dkdk\" (type string) at path \"contestId\" for model \"contests\""}
2022-11-12 11:26:19:2619 error: {"stringValue":"\"dkdk\"","valueType":"string","kind":"ObjectId","value":"dkdk","path":"contestId","reason":{},"name":"CastError","message":"Cast to ObjectId failed for value \"dkdk\" (type string) at path \"contestId\" for model \"contests\""}
2022-11-12 11:26:21:2621 error: {"stringValue":"\"dkdk\"","valueType":"string","kind":"ObjectId","value":"dkdk","path":"contestId","reason":{},"name":"CastError","message":"Cast to ObjectId failed for value \"dkdk\" (type string) at path \"contestId\" for model \"contests\""}
2022-11-12 11:27:29:2729 error: {"stringValue":"\"636e6fac8d20ffec54145ca2\"","valueType":"string","kind":"Number","value":"636e6fac8d20ffec54145ca2","path":"contestId","reason":{"generatedMessage":true,"code":"ERR_ASSERTION","actual":false,"expected":true,"operator":"=="},"name":"CastError","message":"Cast to Number failed for value \"636e6fac8d20ffec54145ca2\" (type string) at path \"contestId\" for model \"participants\""}
2022-11-12 11:29:52:2952 error: {"stringValue":"\"636f04c6d8624d2fc81cf8151\"","valueType":"string","kind":"Number","value":"636f04c6d8624d2fc81cf8151","path":"contestId","reason":{"generatedMessage":true,"code":"ERR_ASSERTION","actual":false,"expected":true,"operator":"=="},"name":"CastError","message":"Cast to Number failed for value \"636f04c6d8624d2fc81cf8151\" (type string) at path \"contestId\" for model \"participants\""}
2022-11-12 11:30:54:3054 error: {"stringValue":"\"636f04c6d8624d2fc81cf8151\"","valueType":"string","kind":"Number","value":"636f04c6d8624d2fc81cf8151","path":"contestId","reason":{"generatedMessage":true,"code":"ERR_ASSERTION","actual":false,"expected":true,"operator":"=="},"name":"CastError","message":"Cast to Number failed for value \"636f04c6d8624d2fc81cf8151\" (type string) at path \"contestId\" for model \"participants\""}
2022-11-12 11:34:47:3447 error: {"stringValue":"\"636f04c6d8624d2fc81cf8151\"","valueType":"string","kind":"Number","value":"636f04c6d8624d2fc81cf8151","path":"contestId","reason":{"generatedMessage":true,"code":"ERR_ASSERTION","actual":false,"expected":true,"operator":"=="},"name":"CastError","message":"Cast to Number failed for value \"636f04c6d8624d2fc81cf8151\" (type string) at path \"contestId\" for model \"participants\""}
2022-11-12 11:34:49:3449 error: {"stringValue":"\"636f04c6d8624d2fc81cf8151\"","valueType":"string","kind":"Number","value":"636f04c6d8624d2fc81cf8151","path":"contestId","reason":{"generatedMessage":true,"code":"ERR_ASSERTION","actual":false,"expected":true,"operator":"=="},"name":"CastError","message":"Cast to Number failed for value \"636f04c6d8624d2fc81cf8151\" (type string) at path \"contestId\" for model \"participants\""}
2022-11-12 11:34:51:3451 error: {"stringValue":"\"636f04c6d8624d2fc81cf8151\"","valueType":"string","kind":"Number","value":"636f04c6d8624d2fc81cf8151","path":"contestId","reason":{"generatedMessage":true,"code":"ERR_ASSERTION","actual":false,"expected":true,"operator":"=="},"name":"CastError","message":"Cast to Number failed for value \"636f04c6d8624d2fc81cf8151\" (type string) at path \"contestId\" for model \"participants\""}
2022-11-12 11:40:42:4042 error: {}
2022-11-12 11:41:17:4117 error: {}
2022-11-12 11:53:27:5327 error: {}
2022-11-12 11:55:20:5520 error: {}
2022-11-16 21:19:11:1911 error: {}
2022-11-16 21:57:37:5737 error: {}
2022-11-16 21:57:54:5754 error: {}
2022-11-17 06:02:34:234 error: {}
2022-11-17 06:03:10:310 error: {}
2022-11-17 06:39:16:3916 error: {}
2022-11-17 06:40:30:4030 error: {}
2022-11-17 06:40:42:4042 error: {}
2022-11-17 06:54:33:5433 error: {}
2022-11-17 23:52:21:5221 error: {}
2022-11-18 00:42:21:4221 error: {"reason":null,"code":"CALL_EXCEPTION","method":"expand(uint256,uint256)","data":"0x4e487b710000000000000000000000000000000000000000000000000000000000000032","errorArgs":[{"type":"BigNumber","hex":"0x32"}],"errorName":"Panic","errorSignature":"Panic(uint256)","address":"0x9F6dd4326452Dda8f5A79ed8f8a88C6F5A77c77F","args":[5,10],"transaction":{"data":"0x874b3afc0000000000000000000000000000000000000000000000000000000000000005000000000000000000000000000000000000000000000000000000000000000a","to":"0x9F6dd4326452Dda8f5A79ed8f8a88C6F5A77c77F"}}
2022-11-18 00:47:49:4749 error: {}
2022-11-18 01:24:19:2419 error: {"reason":null,"code":"CALL_EXCEPTION","method":"expand(uint256,uint256)","data":"0x4e487b710000000000000000000000000000000000000000000000000000000000000032","errorArgs":[{"type":"BigNumber","hex":"0x32"}],"errorName":"Panic","errorSignature":"Panic(uint256)","address":"0x9F6dd4326452Dda8f5A79ed8f8a88C6F5A77c77F","args":[6,10],"transaction":{"data":"0x874b3afc0000000000000000000000000000000000000000000000000000000000000006000000000000000000000000000000000000000000000000000000000000000a","to":"0x9F6dd4326452Dda8f5A79ed8f8a88C6F5A77c77F"}}
2022-11-18 01:25:27:2527 error: {"reason":null,"code":"CALL_EXCEPTION","method":"expand(uint256,uint256)","data":"0x4e487b710000000000000000000000000000000000000000000000000000000000000032","errorArgs":[{"type":"BigNumber","hex":"0x32"}],"errorName":"Panic","errorSignature":"Panic(uint256)","address":"0x9F6dd4326452Dda8f5A79ed8f8a88C6F5A77c77F","args":[6,10],"transaction":{"data":"0x874b3afc0000000000000000000000000000000000000000000000000000000000000006000000000000000000000000000000000000000000000000000000000000000a","to":"0x9F6dd4326452Dda8f5A79ed8f8a88C6F5A77c77F"}}
2022-11-18 01:26:59:2659 error: {"reason":null,"code":"CALL_EXCEPTION","method":"expand(uint256,uint256)","data":"0x4e487b710000000000000000000000000000000000000000000000000000000000000032","errorArgs":[{"type":"BigNumber","hex":"0x32"}],"errorName":"Panic","errorSignature":"Panic(uint256)","address":"0x9F6dd4326452Dda8f5A79ed8f8a88C6F5A77c77F","args":[6,10],"transaction":{"data":"0x874b3afc0000000000000000000000000000000000000000000000000000000000000006000000000000000000000000000000000000000000000000000000000000000a","to":"0x9F6dd4326452Dda8f5A79ed8f8a88C6F5A77c77F"}}
2022-11-18 01:28:08:288 error: {"reason":null,"code":"CALL_EXCEPTION","method":"expand(uint256,uint256)","data":"0x4e487b710000000000000000000000000000000000000000000000000000000000000032","errorArgs":[{"type":"BigNumber","hex":"0x32"}],"errorName":"Panic","errorSignature":"Panic(uint256)","address":"0x9F6dd4326452Dda8f5A79ed8f8a88C6F5A77c77F","args":[6,10],"transaction":{"data":"0x874b3afc0000000000000000000000000000000000000000000000000000000000000006000000000000000000000000000000000000000000000000000000000000000a","to":"0x9F6dd4326452Dda8f5A79ed8f8a88C6F5A77c77F"}}
2022-11-18 01:36:12:3612 error: {}
2022-11-18 01:43:39:4339 error: {"reason":null,"code":"CALL_EXCEPTION","method":"expand(uint256,uint256)","data":"0x4e487b710000000000000000000000000000000000000000000000000000000000000032","errorArgs":[{"type":"BigNumber","hex":"0x32"}],"errorName":"Panic","errorSignature":"Panic(uint256)","address":"0x9F6dd4326452Dda8f5A79ed8f8a88C6F5A77c77F","args":[6,10],"transaction":{"data":"0x874b3afc0000000000000000000000000000000000000000000000000000000000000006000000000000000000000000000000000000000000000000000000000000000a","to":"0x9F6dd4326452Dda8f5A79ed8f8a88C6F5A77c77F"}}
2022-11-18 01:46:48:4648 error: {"reason":null,"code":"CALL_EXCEPTION","method":"expand(uint256,uint256)","data":"0x4e487b710000000000000000000000000000000000000000000000000000000000000032","errorArgs":[{"type":"BigNumber","hex":"0x32"}],"errorName":"Panic","errorSignature":"Panic(uint256)","address":"0x9F6dd4326452Dda8f5A79ed8f8a88C6F5A77c77F","args":[6,10],"transaction":{"data":"0x874b3afc0000000000000000000000000000000000000000000000000000000000000006000000000000000000000000000000000000000000000000000000000000000a","to":"0x9F6dd4326452Dda8f5A79ed8f8a88C6F5A77c77F"}}
2022-11-18 03:51:24:5124 error: {}
2022-11-18 03:55:55:5555 error: {}
2022-12-23 23:56:38:5638 error: {}
2022-12-23 23:56:44:5644 error: {}
2022-12-23 23:58:55:5855 error: {}
2022-12-24 00:00:06:06 error: {}
2022-12-24 00:01:01:11 error: {}
2022-12-24 00:01:06:16 error: {}
2022-12-24 00:01:12:112 error: {}
2022-12-24 00:02:11:211 error: {}
2022-12-24 00:03:24:324 error: {}
2022-12-24 00:04:53:453 error: {}
2022-12-24 00:16:42:1642 error: {}
2022-12-24 00:17:27:1727 error: {}
2022-12-24 00:19:55:1955 error: {}
2022-12-24 00:27:52:2752 error: {}
2022-12-24 00:27:55:2755 error: {}
2022-12-24 00:29:47:2947 error: {}
2023-02-23 00:11:09:119 error: {}
2023-02-23 00:11:45:1145 error: {}
2023-02-23 00:12:26:1226 error: {}
2023-02-23 00:23:36:2336 error: {}
2023-02-23 00:25:00:250 error: {}
2023-02-23 00:28:20:2820 error: {}
2023-02-23 00:28:44:2844 error: {"reason":null,"code":"CALL_EXCEPTION","method":"getAmountsOut(uint256,address[])","data":"0x","errorArgs":null,"errorName":null,"errorSignature":null,"address":"0x9fE46736679d2D9a65F0992F2272dE9f3c7fa6e0","args":["10000000000000000",["0xc02aaa39b223fe8d0a0e5c4f27ead9083c756cc2","0xdac17f958d2ee523a2206206994597c13d831ec7"]],"transaction":{"data":"0xd06ca61f000000000000000000000000000000000000000000000000002386f26fc1000000000000000000000000000000000000000000000000000000000000000000400000000000000000000000000000000000000000000000000000000000000002000000000000000000000000c02aaa39b223fe8d0a0e5c4f27ead9083c756cc2000000000000000000000000dac17f958d2ee523a2206206994597c13d831ec7","to":"0x9fE46736679d2D9a65F0992F2272dE9f3c7fa6e0"}}
2023-02-23 00:34:20:3420 error: {}
2023-02-23 00:35:38:3538 error: {}
2023-02-23 00:45:50:4550 error: {}
2023-02-23 01:53:33:5333 error: {}
2023-02-25 19:21:49:2149 error: {}
2023-02-25 19:22:29:2229 error: {}
2023-02-25 19:24:10:2410 error: {}
2023-02-25 19:25:19:2519 error: {}
2023-02-25 19:25:47:2547 error: {}
2023-02-25 19:30:14:3014 error: {"reason":"invalid BigNumber string","code":"INVALID_ARGUMENT","argument":"value","value":"NaN"}
2023-02-25 19:44:47:4447 error: {"reason":"underflow","code":"NUMERIC_FAULT","fault":"underflow","operation":"BigNumber.from","value":977286454053.03}
2023-02-25 23:18:14:1814 error: {"reason":"underflow","code":"NUMERIC_FAULT","fault":"underflow","operation":"BigNumber.from","value":972400021782.7649}
2023-02-25 23:19:54:1954 error: {"reason":"underflow","code":"NUMERIC_FAULT","fault":"underflow","operation":"BigNumber.from","value":982222244225.015}
2023-02-25 23:30:32:3032 error: {"reason":"invalid BigNumber string","code":"INVALID_ARGUMENT","argument":"value","value":"[object Object]"}
2023-02-25 23:38:34:3834 error: {"reason":"FanbaseV2Library: INSUFFICIENT_LIQUIDITY","code":"CALL_EXCEPTION","method":"getAmountsOut(uint256,address[])","data":"0x08c379a00000000000000000000000000000000000000000000000000000000000000020000000000000000000000000000000000000000000000000000000000000002846616e6261736556324c6962726172793a20494e53554646494349454e545f4c4951554944495459000000000000000000000000000000000000000000000000","errorArgs":["FanbaseV2Library: INSUFFICIENT_LIQUIDITY"],"errorName":"Error","errorSignature":"Error(string)","address":"0x36C02dA8a0983159322a80FFE9F24b1acfF8B570","args":[{"type":"BigNumber","hex":"0xe8d4a51000"},["0x809d550fca64d94Bd9F66E60752A544199cfAC3D","0x9d4454B023096f34B160D6B654540c56A1F81688","0x4c5859f0F772848b2D91F1D83E2Fe57935348029"]],"transaction":{"data":"0xd06ca61f000000000000000000000000000000000000000000000000000000e8d4a5100000000000000000000000000000000000000000000000000000000000000000400000000000000000000000000000000000000000000000000000000000000003000000000000000000000000809d550fca64d94bd9f66e60752a544199cfac3d0000000000000000000000009d4454b023096f34b160d6b654540c56a1f816880000000000000000000000004c5859f0f772848b2d91f1d83e2fe57935348029","to":"0x36C02dA8a0983159322a80FFE9F24b1acfF8B570"}}
2023-02-25 23:40:43:4043 error: {"reason":"FanbaseV2Library: INSUFFICIENT_LIQUIDITY","code":"CALL_EXCEPTION","method":"getAmountsOut(uint256,address[])","data":"0x08c379a00000000000000000000000000000000000000000000000000000000000000020000000000000000000000000000000000000000000000000000000000000002846616e6261736556324c6962726172793a20494e53554646494349454e545f4c4951554944495459000000000000000000000000000000000000000000000000","errorArgs":["FanbaseV2Library: INSUFFICIENT_LIQUIDITY"],"errorName":"Error","errorSignature":"Error(string)","address":"0x36C02dA8a0983159322a80FFE9F24b1acfF8B570","args":[{"type":"BigNumber","hex":"0xe8d4a51000"},["0x809d550fca64d94Bd9F66E60752A544199cfAC3D","0x9d4454B023096f34B160D6B654540c56A1F81688","0x4c5859f0F772848b2D91F1D83E2Fe57935348029"]],"transaction":{"data":"0xd06ca61f000000000000000000000000000000000000000000000000000000e8d4a5100000000000000000000000000000000000000000000000000000000000000000400000000000000000000000000000000000000000000000000000000000000003000000000000000000000000809d550fca64d94bd9f66e60752a544199cfac3d0000000000000000000000009d4454b023096f34b160d6b654540c56a1f816880000000000000000000000004c5859f0f772848b2d91f1d83e2fe57935348029","to":"0x36C02dA8a0983159322a80FFE9F24b1acfF8B570"}}
2023-02-25 23:45:54:4554 error: {"reason":"FanbaseV2Library: INSUFFICIENT_LIQUIDITY","code":"CALL_EXCEPTION","method":"getAmountsOut(uint256,address[])","data":"0x08c379a00000000000000000000000000000000000000000000000000000000000000020000000000000000000000000000000000000000000000000000000000000002846616e6261736556324c6962726172793a20494e53554646494349454e545f4c4951554944495459000000000000000000000000000000000000000000000000","errorArgs":["FanbaseV2Library: INSUFFICIENT_LIQUIDITY"],"errorName":"Error","errorSignature":"Error(string)","address":"0x36C02dA8a0983159322a80FFE9F24b1acfF8B570","args":[{"type":"BigNumber","hex":"0xe8d4a51000"},["0x809d550fca64d94Bd9F66E60752A544199cfAC3D","0x9d4454B023096f34B160D6B654540c56A1F81688","0x4c5859f0F772848b2D91F1D83E2Fe57935348029"]],"transaction":{"data":"0xd06ca61f000000000000000000000000000000000000000000000000000000e8d4a5100000000000000000000000000000000000000000000000000000000000000000400000000000000000000000000000000000000000000000000000000000000003000000000000000000000000809d550fca64d94bd9f66e60752a544199cfac3d0000000000000000000000009d4454b023096f34b160d6b654540c56a1f816880000000000000000000000004c5859f0f772848b2d91f1d83e2fe57935348029","to":"0x36C02dA8a0983159322a80FFE9F24b1acfF8B570"}}
2023-02-25 23:48:57:4857 error: {"reason":"underflow","code":"NUMERIC_FAULT","fault":"underflow","operation":"BigNumber.from","value":982222244225.015}
2023-02-26 00:02:27:227 error: {"reason":"FanbaseV2Library: INSUFFICIENT_LIQUIDITY","code":"CALL_EXCEPTION","method":"getAmountsOut(uint256,address[])","data":"0x08c379a00000000000000000000000000000000000000000000000000000000000000020000000000000000000000000000000000000000000000000000000000000002846616e6261736556324c6962726172793a20494e53554646494349454e545f4c4951554944495459000000000000000000000000000000000000000000000000","errorArgs":["FanbaseV2Library: INSUFFICIENT_LIQUIDITY"],"errorName":"Error","errorSignature":"Error(string)","address":"0x36C02dA8a0983159322a80FFE9F24b1acfF8B570","args":[{"type":"BigNumber","hex":"0xe8d4a51000"},["0x809d550fca64d94Bd9F66E60752A544199cfAC3D","0x9d4454B023096f34B160D6B654540c56A1F81688","0x4c5859f0F772848b2D91F1D83E2Fe57935348029"]],"transaction":{"data":"0xd06ca61f000000000000000000000000000000000000000000000000000000e8d4a5100000000000000000000000000000000000000000000000000000000000000000400000000000000000000000000000000000000000000000000000000000000003000000000000000000000000809d550fca64d94bd9f66e60752a544199cfac3d0000000000000000000000009d4454b023096f34b160d6b654540c56a1f816880000000000000000000000004c5859f0f772848b2d91f1d83e2fe57935348029","to":"0x36C02dA8a0983159322a80FFE9F24b1acfF8B570"}}
2023-02-26 00:03:23:323 error: {"reason":"FanbaseV2Library: INSUFFICIENT_LIQUIDITY","code":"CALL_EXCEPTION","method":"getAmountsOut(uint256,address[])","data":"0x08c379a00000000000000000000000000000000000000000000000000000000000000020000000000000000000000000000000000000000000000000000000000000002846616e6261736556324c6962726172793a20494e53554646494349454e545f4c4951554944495459000000000000000000000000000000000000000000000000","errorArgs":["FanbaseV2Library: INSUFFICIENT_LIQUIDITY"],"errorName":"Error","errorSignature":"Error(string)","address":"0x36C02dA8a0983159322a80FFE9F24b1acfF8B570","args":[{"type":"BigNumber","hex":"0xe8d4a51000"},["0x809d550fca64d94Bd9F66E60752A544199cfAC3D","0x9d4454B023096f34B160D6B654540c56A1F81688","0x4c5859f0F772848b2D91F1D83E2Fe57935348029"]],"transaction":{"data":"0xd06ca61f000000000000000000000000000000000000000000000000000000e8d4a5100000000000000000000000000000000000000000000000000000000000000000400000000000000000000000000000000000000000000000000000000000000003000000000000000000000000809d550fca64d94bd9f66e60752a544199cfac3d0000000000000000000000009d4454b023096f34b160d6b654540c56a1f816880000000000000000000000004c5859f0f772848b2d91f1d83e2fe57935348029","to":"0x36C02dA8a0983159322a80FFE9F24b1acfF8B570"}}
2023-02-26 00:06:44:644 error: {"reason":"value must be a string","code":"INVALID_ARGUMENT","argument":"value","value":{"type":"BigNumber","hex":"0xe5d73437dd"}}
2023-02-26 00:13:40:1340 error: {"reason":"value must be a string","code":"INVALID_ARGUMENT","argument":"value","value":{"type":"BigNumber","hex":"0xe5d73437dd"}}
2023-02-26 00:15:30:1530 error: {"reason":"fractional component exceeds decimals","code":"NUMERIC_FAULT","fault":"underflow","operation":"parseFixed"}
2023-02-27 05:05:33:533 error: {"reason":null,"code":"CALL_EXCEPTION","method":"name()","data":"0x","errorArgs":null,"errorName":null,"errorSignature":null,"address":"0x809d550fca64d94Bd9F66E60752A544199cfAC3D","args":[],"transaction":{"data":"0x06fdde03","to":"0x809d550fca64d94Bd9F66E60752A544199cfAC3D"}}
2023-03-03 21:36:55:3655 error: false
2023-09-10 09:54:03:543 error: {"reason":null,"code":"CALL_EXCEPTION","method":"name()","data":"0x","errorArgs":null,"errorName":null,"errorSignature":null,"address":"0xeeeeeeeeeeeeeeeeeeeeeeeeeeeeeeeeeeeeeeee","args":[],"transaction":{"data":"0x06fdde03","to":"0xEeeeeEeeeEeEeeEeEeEeeEEEeeeeEeeeeeeeEEeE"}}
2023-09-10 10:05:36:536 error: {}
2023-09-10 10:13:37:1337 error: {}
2023-09-10 18:44:05:445 error: {"reason":"missing revert data in call exception; Transaction reverted without a reason string","code":"CALL_EXCEPTION","data":"0x","transaction":{"to":"0x9fE46736679d2D9a65F0992F2272dE9f3c7fa6e0","data":"0xad5c4648","accessList":null},"error":{"reason":"processing response error","code":"SERVER_ERROR","body":"{\"jsonrpc\":\"2.0\",\"id\":46,\"error\":{\"code\":-32603,\"message\":\"Error: Transaction reverted: function selector was not recognized and there's no fallback function\"}}","error":{"code":-32603},"requestBody":"{\"method\":\"eth_call\",\"params\":[{\"to\":\"0x9fe46736679d2d9a65f0992f2272de9f3c7fa6e0\",\"data\":\"0xad5c4648\"},\"latest\"],\"id\":46,\"jsonrpc\":\"2.0\"}","requestMethod":"POST","url":"http://localhost:8545"}}
2023-09-10 18:46:18:4618 error: {"reason":"missing revert data in call exception; Transaction reverted without a reason string","code":"CALL_EXCEPTION","data":"0x","transaction":{"to":"0x9fE46736679d2D9a65F0992F2272dE9f3c7fa6e0","data":"0xad5c4648","accessList":null},"error":{"reason":"processing response error","code":"SERVER_ERROR","body":"{\"jsonrpc\":\"2.0\",\"id\":46,\"error\":{\"code\":-32603,\"message\":\"Error: Transaction reverted: function selector was not recognized and there's no fallback function\"}}","error":{"code":-32603},"requestBody":"{\"method\":\"eth_call\",\"params\":[{\"to\":\"0x9fe46736679d2d9a65f0992f2272de9f3c7fa6e0\",\"data\":\"0xad5c4648\"},\"latest\"],\"id\":46,\"jsonrpc\":\"2.0\"}","requestMethod":"POST","url":"http://localhost:8545"}}
2023-09-10 18:49:30:4930 error: {"reason":"missing revert data in call exception; Transaction reverted without a reason string","code":"CALL_EXCEPTION","data":"0x","transaction":{"to":"0x9fE46736679d2D9a65F0992F2272dE9f3c7fa6e0","data":"0xad5c4648","accessList":null},"error":{"reason":"processing response error","code":"SERVER_ERROR","body":"{\"jsonrpc\":\"2.0\",\"id\":46,\"error\":{\"code\":-32603,\"message\":\"Error: Transaction reverted: function selector was not recognized and there's no fallback function\"}}","error":{"code":-32603},"requestBody":"{\"method\":\"eth_call\",\"params\":[{\"to\":\"0x9fe46736679d2d9a65f0992f2272de9f3c7fa6e0\",\"data\":\"0xad5c4648\"},\"latest\"],\"id\":46,\"jsonrpc\":\"2.0\"}","requestMethod":"POST","url":"http://localhost:8545"}}
2023-09-10 18:49:51:4951 error: {"reason":"missing revert data in call exception; Transaction reverted without a reason string","code":"CALL_EXCEPTION","data":"0x","transaction":{"to":"0x9fE46736679d2D9a65F0992F2272dE9f3c7fa6e0","data":"0xad5c4648","accessList":null},"error":{"reason":"processing response error","code":"SERVER_ERROR","body":"{\"jsonrpc\":\"2.0\",\"id\":46,\"error\":{\"code\":-32603,\"message\":\"Error: Transaction reverted: function selector was not recognized and there's no fallback function\"}}","error":{"code":-32603},"requestBody":"{\"method\":\"eth_call\",\"params\":[{\"to\":\"0x9fe46736679d2d9a65f0992f2272de9f3c7fa6e0\",\"data\":\"0xad5c4648\"},\"latest\"],\"id\":46,\"jsonrpc\":\"2.0\"}","requestMethod":"POST","url":"http://localhost:8545"}}
2023-09-10 18:57:53:5753 error: {"reason":"missing revert data in call exception; Transaction reverted without a reason string","code":"CALL_EXCEPTION","data":"0x","transaction":{"to":"0x9fE46736679d2D9a65F0992F2272dE9f3c7fa6e0","data":"0xad5c4648","accessList":null},"error":{"reason":"processing response error","code":"SERVER_ERROR","body":"{\"jsonrpc\":\"2.0\",\"id\":46,\"error\":{\"code\":-32603,\"message\":\"Error: Transaction reverted: function selector was not recognized and there's no fallback function\"}}","error":{"code":-32603},"requestBody":"{\"method\":\"eth_call\",\"params\":[{\"to\":\"0x9fe46736679d2d9a65f0992f2272de9f3c7fa6e0\",\"data\":\"0xad5c4648\"},\"latest\"],\"id\":46,\"jsonrpc\":\"2.0\"}","requestMethod":"POST","url":"http://localhost:8545"}}
2023-09-10 19:05:05:55 error: {"reason":"missing revert data in call exception; Transaction reverted without a reason string","code":"CALL_EXCEPTION","data":"0x","transaction":{"to":"0x9fE46736679d2D9a65F0992F2272dE9f3c7fa6e0","data":"0xad5c4648","accessList":null},"error":{"reason":"processing response error","code":"SERVER_ERROR","body":"{\"jsonrpc\":\"2.0\",\"id\":46,\"error\":{\"code\":-32603,\"message\":\"Error: Transaction reverted: function selector was not recognized and there's no fallback function\"}}","error":{"code":-32603},"requestBody":"{\"method\":\"eth_call\",\"params\":[{\"to\":\"0x9fe46736679d2d9a65f0992f2272de9f3c7fa6e0\",\"data\":\"0xad5c4648\"},\"latest\"],\"id\":46,\"jsonrpc\":\"2.0\"}","requestMethod":"POST","url":"http://localhost:8545"}}
2023-09-10 20:17:33:1733 error: {"reason":"missing revert data in call exception; Transaction reverted without a reason string","code":"CALL_EXCEPTION","data":"0x","transaction":{"to":"0x9fE46736679d2D9a65F0992F2272dE9f3c7fa6e0","data":"0xad5c4648","accessList":null},"error":{"reason":"processing response error","code":"SERVER_ERROR","body":"{\"jsonrpc\":\"2.0\",\"id\":48,\"error\":{\"code\":-32603,\"message\":\"Error: Transaction reverted: function selector was not recognized and there's no fallback function\"}}","error":{"code":-32603},"requestBody":"{\"method\":\"eth_call\",\"params\":[{\"to\":\"0x9fe46736679d2d9a65f0992f2272de9f3c7fa6e0\",\"data\":\"0xad5c4648\"},\"latest\"],\"id\":48,\"jsonrpc\":\"2.0\"}","requestMethod":"POST","url":"http://localhost:8545"}}
2023-09-10 21:37:44:3744 error: {"reason":"missing revert data in call exception; Transaction reverted without a reason string","code":"CALL_EXCEPTION","data":"0x","transaction":{"to":"0x9fE46736679d2D9a65F0992F2272dE9f3c7fa6e0","data":"0xad5c4648","accessList":null},"error":{"reason":"processing response error","code":"SERVER_ERROR","body":"{\"jsonrpc\":\"2.0\",\"id\":48,\"error\":{\"code\":-32603,\"message\":\"Error: Transaction reverted: function selector was not recognized and there's no fallback function\"}}","error":{"code":-32603},"requestBody":"{\"method\":\"eth_call\",\"params\":[{\"to\":\"0x9fe46736679d2d9a65f0992f2272de9f3c7fa6e0\",\"data\":\"0xad5c4648\"},\"latest\"],\"id\":48,\"jsonrpc\":\"2.0\"}","requestMethod":"POST","url":"http://localhost:8545"}}
2023-09-10 21:37:57:3757 error: {"reason":"missing revert data in call exception; Transaction reverted without a reason string","code":"CALL_EXCEPTION","data":"0x","transaction":{"to":"0x9fE46736679d2D9a65F0992F2272dE9f3c7fa6e0","data":"0xad5c4648","accessList":null},"error":{"reason":"processing response error","code":"SERVER_ERROR","body":"{\"jsonrpc\":\"2.0\",\"id\":48,\"error\":{\"code\":-32603,\"message\":\"Error: Transaction reverted: function selector was not recognized and there's no fallback function\"}}","error":{"code":-32603},"requestBody":"{\"method\":\"eth_call\",\"params\":[{\"to\":\"0x9fe46736679d2d9a65f0992f2272de9f3c7fa6e0\",\"data\":\"0xad5c4648\"},\"latest\"],\"id\":48,\"jsonrpc\":\"2.0\"}","requestMethod":"POST","url":"http://localhost:8545"}}
2023-09-10 21:38:08:388 error: {"reason":"missing revert data in call exception; Transaction reverted without a reason string","code":"CALL_EXCEPTION","data":"0x","transaction":{"to":"0x9fE46736679d2D9a65F0992F2272dE9f3c7fa6e0","data":"0xad5c4648","accessList":null},"error":{"reason":"processing response error","code":"SERVER_ERROR","body":"{\"jsonrpc\":\"2.0\",\"id\":48,\"error\":{\"code\":-32603,\"message\":\"Error: Transaction reverted: function selector was not recognized and there's no fallback function\"}}","error":{"code":-32603},"requestBody":"{\"method\":\"eth_call\",\"params\":[{\"to\":\"0x9fe46736679d2d9a65f0992f2272de9f3c7fa6e0\",\"data\":\"0xad5c4648\"},\"latest\"],\"id\":48,\"jsonrpc\":\"2.0\"}","requestMethod":"POST","url":"http://localhost:8545"}}
2023-09-10 21:38:38:3838 error: {"reason":"missing revert data in call exception; Transaction reverted without a reason string","code":"CALL_EXCEPTION","data":"0x","transaction":{"to":"0x9fE46736679d2D9a65F0992F2272dE9f3c7fa6e0","data":"0xad5c4648","accessList":null},"error":{"reason":"processing response error","code":"SERVER_ERROR","body":"{\"jsonrpc\":\"2.0\",\"id\":48,\"error\":{\"code\":-32603,\"message\":\"Error: Transaction reverted: function selector was not recognized and there's no fallback function\"}}","error":{"code":-32603},"requestBody":"{\"method\":\"eth_call\",\"params\":[{\"to\":\"0x9fe46736679d2d9a65f0992f2272de9f3c7fa6e0\",\"data\":\"0xad5c4648\"},\"latest\"],\"id\":48,\"jsonrpc\":\"2.0\"}","requestMethod":"POST","url":"http://localhost:8545"}}
2023-09-10 21:39:04:394 error: {"reason":"missing revert data in call exception; Transaction reverted without a reason string","code":"CALL_EXCEPTION","data":"0x","transaction":{"to":"0x9fE46736679d2D9a65F0992F2272dE9f3c7fa6e0","data":"0xad5c4648","accessList":null},"error":{"reason":"processing response error","code":"SERVER_ERROR","body":"{\"jsonrpc\":\"2.0\",\"id\":48,\"error\":{\"code\":-32603,\"message\":\"Error: Transaction reverted: function selector was not recognized and there's no fallback function\"}}","error":{"code":-32603},"requestBody":"{\"method\":\"eth_call\",\"params\":[{\"to\":\"0x9fe46736679d2d9a65f0992f2272de9f3c7fa6e0\",\"data\":\"0xad5c4648\"},\"latest\"],\"id\":48,\"jsonrpc\":\"2.0\"}","requestMethod":"POST","url":"http://localhost:8545"}}
2023-09-10 21:40:17:4017 error: {"reason":"missing revert data in call exception; Transaction reverted without a reason string","code":"CALL_EXCEPTION","data":"0x","transaction":{"to":"0x9fE46736679d2D9a65F0992F2272dE9f3c7fa6e0","data":"0xad5c4648","accessList":null},"error":{"reason":"processing response error","code":"SERVER_ERROR","body":"{\"jsonrpc\":\"2.0\",\"id\":48,\"error\":{\"code\":-32603,\"message\":\"Error: Transaction reverted: function selector was not recognized and there's no fallback function\"}}","error":{"code":-32603},"requestBody":"{\"method\":\"eth_call\",\"params\":[{\"to\":\"0x9fe46736679d2d9a65f0992f2272de9f3c7fa6e0\",\"data\":\"0xad5c4648\"},\"latest\"],\"id\":48,\"jsonrpc\":\"2.0\"}","requestMethod":"POST","url":"http://localhost:8545"}}
2023-09-10 23:01:16:116 error: {"reason":"missing revert data in call exception; Transaction reverted without a reason string","code":"CALL_EXCEPTION","data":"0x","transaction":{"to":"0x9fE46736679d2D9a65F0992F2272dE9f3c7fa6e0","data":"0xad5c4648","accessList":null},"error":{"reason":"processing response error","code":"SERVER_ERROR","body":"{\"jsonrpc\":\"2.0\",\"id\":48,\"error\":{\"code\":-32603,\"message\":\"Error: Transaction reverted: function selector was not recognized and there's no fallback function\"}}","error":{"code":-32603},"requestBody":"{\"method\":\"eth_call\",\"params\":[{\"to\":\"0x9fe46736679d2d9a65f0992f2272de9f3c7fa6e0\",\"data\":\"0xad5c4648\"},\"latest\"],\"id\":48,\"jsonrpc\":\"2.0\"}","requestMethod":"POST","url":"http://localhost:8545"}}
2023-09-10 23:01:55:155 error: {"reason":"missing revert data in call exception; Transaction reverted without a reason string","code":"CALL_EXCEPTION","data":"0x","transaction":{"to":"0x9fE46736679d2D9a65F0992F2272dE9f3c7fa6e0","data":"0xad5c4648","accessList":null},"error":{"reason":"processing response error","code":"SERVER_ERROR","body":"{\"jsonrpc\":\"2.0\",\"id\":48,\"error\":{\"code\":-32603,\"message\":\"Error: Transaction reverted: function selector was not recognized and there's no fallback function\"}}","error":{"code":-32603},"requestBody":"{\"method\":\"eth_call\",\"params\":[{\"to\":\"0x9fe46736679d2d9a65f0992f2272de9f3c7fa6e0\",\"data\":\"0xad5c4648\"},\"latest\"],\"id\":48,\"jsonrpc\":\"2.0\"}","requestMethod":"POST","url":"http://localhost:8545"}}
2023-09-10 23:21:14:2114 error: {"reason":"missing revert data in call exception; Transaction reverted without a reason string","code":"CALL_EXCEPTION","data":"0x","transaction":{"to":"0x9fE46736679d2D9a65F0992F2272dE9f3c7fa6e0","data":"0xad5c4648","accessList":null},"error":{"reason":"processing response error","code":"SERVER_ERROR","body":"{\"jsonrpc\":\"2.0\",\"id\":48,\"error\":{\"code\":-32603,\"message\":\"Error: Transaction reverted: function selector was not recognized and there's no fallback function\"}}","error":{"code":-32603},"requestBody":"{\"method\":\"eth_call\",\"params\":[{\"to\":\"0x9fe46736679d2d9a65f0992f2272de9f3c7fa6e0\",\"data\":\"0xad5c4648\"},\"latest\"],\"id\":48,\"jsonrpc\":\"2.0\"}","requestMethod":"POST","url":"http://localhost:8545"}}
2023-09-10 23:22:18:2218 error: {"reason":"missing revert data in call exception; Transaction reverted without a reason string","code":"CALL_EXCEPTION","data":"0x","transaction":{"to":"0x9fE46736679d2D9a65F0992F2272dE9f3c7fa6e0","data":"0xad5c4648","accessList":null},"error":{"reason":"processing response error","code":"SERVER_ERROR","body":"{\"jsonrpc\":\"2.0\",\"id\":48,\"error\":{\"code\":-32603,\"message\":\"Error: Transaction reverted: function selector was not recognized and there's no fallback function\"}}","error":{"code":-32603},"requestBody":"{\"method\":\"eth_call\",\"params\":[{\"to\":\"0x9fe46736679d2d9a65f0992f2272de9f3c7fa6e0\",\"data\":\"0xad5c4648\"},\"latest\"],\"id\":48,\"jsonrpc\":\"2.0\"}","requestMethod":"POST","url":"http://localhost:8545"}}
2023-09-11 00:42:15:4215 error: {"reason":"missing revert data in call exception; Transaction reverted without a reason string","code":"CALL_EXCEPTION","data":"0x","transaction":{"to":"0x9fE46736679d2D9a65F0992F2272dE9f3c7fa6e0","data":"0xad5c4648","accessList":null},"error":{"reason":"processing response error","code":"SERVER_ERROR","body":"{\"jsonrpc\":\"2.0\",\"id\":48,\"error\":{\"code\":-32603,\"message\":\"Error: Transaction reverted: function selector was not recognized and there's no fallback function\"}}","error":{"code":-32603},"requestBody":"{\"method\":\"eth_call\",\"params\":[{\"to\":\"0x9fe46736679d2d9a65f0992f2272de9f3c7fa6e0\",\"data\":\"0xad5c4648\"},\"latest\"],\"id\":48,\"jsonrpc\":\"2.0\"}","requestMethod":"POST","url":"http://localhost:8545"}}
2023-09-11 00:42:27:4227 error: {"reason":"missing revert data in call exception; Transaction reverted without a reason string","code":"CALL_EXCEPTION","data":"0x","transaction":{"to":"0x9fE46736679d2D9a65F0992F2272dE9f3c7fa6e0","data":"0xad5c4648","accessList":null},"error":{"reason":"processing response error","code":"SERVER_ERROR","body":"{\"jsonrpc\":\"2.0\",\"id\":48,\"error\":{\"code\":-32603,\"message\":\"Error: Transaction reverted: function selector was not recognized and there's no fallback function\"}}","error":{"code":-32603},"requestBody":"{\"method\":\"eth_call\",\"params\":[{\"to\":\"0x9fe46736679d2d9a65f0992f2272de9f3c7fa6e0\",\"data\":\"0xad5c4648\"},\"latest\"],\"id\":48,\"jsonrpc\":\"2.0\"}","requestMethod":"POST","url":"http://localhost:8545"}}
2023-09-11 00:48:16:4816 error: {"code":401,"message":"Unauthorized"}
2023-09-11 00:50:01:501 error: {"code":401,"message":"Unauthorized"}
2023-09-11 00:50:12:5012 error: {"code":401,"message":"Unauthorized"}
2023-09-11 00:50:19:5019 error: {"code":401,"message":"Unauthorized"}
2023-09-11 02:30:20:3020 error: {"reason":"invalid BigNumber value","code":"INVALID_ARGUMENT","argument":"value"}
2023-09-11 02:31:54:3154 error: {"reason":"missing revert data in call exception; Transaction reverted without a reason string","code":"CALL_EXCEPTION","data":"0x","transaction":{"to":"0xA51c1fc2f0D1a1b8494Ed1FE312d7C3a78Ed91C0","data":"0xd06ca61f000000000000000000000000000000000000000000000000000001a442624200000000000000000000000000000000000000000000000000000000000000004000000000000000000000000000000000000000000000000000000000000000030000000000000000000000000dcd1bf9a1b36ce34237eeafef220932846bcd820000000000000000000000008a791620dd6260079bf849dc5567adc3f2fdc3180000000000000000000000009a676e781a523b5d0c0e43731313a708cb607508","accessList":null},"error":{"reason":"processing response error","code":"SERVER_ERROR","body":"{\"jsonrpc\":\"2.0\",\"id\":50,\"error\":{\"code\":-32603,\"message\":\"Error: VM Exception while processing transaction: reverted with reason string 'UniswapV2Library: INSUFFICIENT_LIQUIDITY'\"}}","error":{"code":-32603},"requestBody":"{\"method\":\"eth_call\",\"params\":[{\"to\":\"0xa51c1fc2f0d1a1b8494ed1fe312d7c3a78ed91c0\",\"data\":\"0xd06ca61f000000000000000000000000000000000000000000000000000001a442624200000000000000000000000000000000000000000000000000000000000000004000000000000000000000000000000000000000000000000000000000000000030000000000000000000000000dcd1bf9a1b36ce34237eeafef220932846bcd820000000000000000000000008a791620dd6260079bf849dc5567adc3f2fdc3180000000000000000000000009a676e781a523b5d0c0e43731313a708cb607508\"},\"latest\"],\"id\":50,\"jsonrpc\":\"2.0\"}","requestMethod":"POST","url":"http://localhost:8545"}}
2023-09-11 02:32:27:3227 error: {"reason":"missing revert data in call exception; Transaction reverted without a reason string","code":"CALL_EXCEPTION","data":"0x","transaction":{"to":"0xA51c1fc2f0D1a1b8494Ed1FE312d7C3a78Ed91C0","data":"0xd06ca61f000000000000000000000000000000000000000000000000000000003b9aca00000000000000000000000000000000000000000000000000000000000000004000000000000000000000000000000000000000000000000000000000000000030000000000000000000000000dcd1bf9a1b36ce34237eeafef220932846bcd820000000000000000000000008a791620dd6260079bf849dc5567adc3f2fdc3180000000000000000000000009a676e781a523b5d0c0e43731313a708cb607508","accessList":null},"error":{"reason":"processing response error","code":"SERVER_ERROR","body":"{\"jsonrpc\":\"2.0\",\"id\":50,\"error\":{\"code\":-32603,\"message\":\"Error: VM Exception while processing transaction: reverted with reason string 'UniswapV2Library: INSUFFICIENT_LIQUIDITY'\"}}","error":{"code":-32603},"requestBody":"{\"method\":\"eth_call\",\"params\":[{\"to\":\"0xa51c1fc2f0d1a1b8494ed1fe312d7c3a78ed91c0\",\"data\":\"0xd06ca61f000000000000000000000000000000000000000000000000000000003b9aca00000000000000000000000000000000000000000000000000000000000000004000000000000000000000000000000000000000000000000000000000000000030000000000000000000000000dcd1bf9a1b36ce34237eeafef220932846bcd820000000000000000000000008a791620dd6260079bf849dc5567adc3f2fdc3180000000000000000000000009a676e781a523b5d0c0e43731313a708cb607508\"},\"latest\"],\"id\":50,\"jsonrpc\":\"2.0\"}","requestMethod":"POST","url":"http://localhost:8545"}}
2023-09-11 04:25:03:253 error: {"reason":"missing revert data in call exception; Transaction reverted without a reason string","code":"CALL_EXCEPTION","data":"0x","transaction":{"to":"0xA51c1fc2f0D1a1b8494Ed1FE312d7C3a78Ed91C0","data":"0xd06ca61f0000000000000000000000000000000000000000000000000000001c67c44400000000000000000000000000000000000000000000000000000000000000004000000000000000000000000000000000000000000000000000000000000000030000000000000000000000000dcd1bf9a1b36ce34237eeafef220932846bcd820000000000000000000000008a791620dd6260079bf849dc5567adc3f2fdc3180000000000000000000000009a676e781a523b5d0c0e43731313a708cb607508","accessList":null},"error":{"reason":"processing response error","code":"SERVER_ERROR","body":"{\"jsonrpc\":\"2.0\",\"id\":50,\"error\":{\"code\":-32603,\"message\":\"Error: VM Exception while processing transaction: reverted with reason string 'UniswapV2Library: INSUFFICIENT_LIQUIDITY'\"}}","error":{"code":-32603},"requestBody":"{\"method\":\"eth_call\",\"params\":[{\"to\":\"0xa51c1fc2f0d1a1b8494ed1fe312d7c3a78ed91c0\",\"data\":\"0xd06ca61f0000000000000000000000000000000000000000000000000000001c67c44400000000000000000000000000000000000000000000000000000000000000004000000000000000000000000000000000000000000000000000000000000000030000000000000000000000000dcd1bf9a1b36ce34237eeafef220932846bcd820000000000000000000000008a791620dd6260079bf849dc5567adc3f2fdc3180000000000000000000000009a676e781a523b5d0c0e43731313a708cb607508\"},\"latest\"],\"id\":50,\"jsonrpc\":\"2.0\"}","requestMethod":"POST","url":"http://localhost:8545"}}
2023-09-11 04:28:24:2824 error: {"reason":"missing revert data in call exception; Transaction reverted without a reason string","code":"CALL_EXCEPTION","data":"0x","transaction":{"to":"0xA51c1fc2f0D1a1b8494Ed1FE312d7C3a78Ed91C0","data":"0xd06ca61f000000000000000000000000000000000000000000000000000001a471d44100000000000000000000000000000000000000000000000000000000000000004000000000000000000000000000000000000000000000000000000000000000030000000000000000000000000dcd1bf9a1b36ce34237eeafef220932846bcd820000000000000000000000008a791620dd6260079bf849dc5567adc3f2fdc3180000000000000000000000009a676e781a523b5d0c0e43731313a708cb607508","accessList":null},"error":{"reason":"processing response error","code":"SERVER_ERROR","body":"{\"jsonrpc\":\"2.0\",\"id\":50,\"error\":{\"code\":-32603,\"message\":\"Error: VM Exception while processing transaction: reverted with reason string 'UniswapV2Library: INSUFFICIENT_LIQUIDITY'\"}}","error":{"code":-32603},"requestBody":"{\"method\":\"eth_call\",\"params\":[{\"to\":\"0xa51c1fc2f0d1a1b8494ed1fe312d7c3a78ed91c0\",\"data\":\"0xd06ca61f000000000000000000000000000000000000000000000000000001a471d44100000000000000000000000000000000000000000000000000000000000000004000000000000000000000000000000000000000000000000000000000000000030000000000000000000000000dcd1bf9a1b36ce34237eeafef220932846bcd820000000000000000000000008a791620dd6260079bf849dc5567adc3f2fdc3180000000000000000000000009a676e781a523b5d0c0e43731313a708cb607508\"},\"latest\"],\"id\":50,\"jsonrpc\":\"2.0\"}","requestMethod":"POST","url":"http://localhost:8545"}}
2023-09-11 04:33:18:3318 error: {"reason":"missing revert data in call exception; Transaction reverted without a reason string","code":"CALL_EXCEPTION","data":"0x","transaction":{"to":"0xA51c1fc2f0D1a1b8494Ed1FE312d7C3a78Ed91C0","data":"0xd06ca61f000000000000000000000000000000000000000000000000000003024a473ac0000000000000000000000000000000000000000000000000000000000000004000000000000000000000000000000000000000000000000000000000000000030000000000000000000000000dcd1bf9a1b36ce34237eeafef220932846bcd820000000000000000000000008a791620dd6260079bf849dc5567adc3f2fdc3180000000000000000000000009a676e781a523b5d0c0e43731313a708cb607508","accessList":null},"error":{"reason":"processing response error","code":"SERVER_ERROR","body":"{\"jsonrpc\":\"2.0\",\"id\":50,\"error\":{\"code\":-32603,\"message\":\"Error: VM Exception while processing transaction: reverted with reason string 'UniswapV2Library: INSUFFICIENT_LIQUIDITY'\"}}","error":{"code":-32603},"requestBody":"{\"method\":\"eth_call\",\"params\":[{\"to\":\"0xa51c1fc2f0d1a1b8494ed1fe312d7c3a78ed91c0\",\"data\":\"0xd06ca61f000000000000000000000000000000000000000000000000000003024a473ac0000000000000000000000000000000000000000000000000000000000000004000000000000000000000000000000000000000000000000000000000000000030000000000000000000000000dcd1bf9a1b36ce34237eeafef220932846bcd820000000000000000000000008a791620dd6260079bf849dc5567adc3f2fdc3180000000000000000000000009a676e781a523b5d0c0e43731313a708cb607508\"},\"latest\"],\"id\":50,\"jsonrpc\":\"2.0\"}","requestMethod":"POST","url":"http://localhost:8545"}}
2023-09-11 04:35:14:3514 error: {"reason":"missing revert data in call exception; Transaction reverted without a reason string","code":"CALL_EXCEPTION","data":"0x","transaction":{"to":"0xA51c1fc2f0D1a1b8494Ed1FE312d7C3a78Ed91C0","data":"0xd06ca61f000000000000000000000000000000000000000000000000000001d1a94a2000000000000000000000000000000000000000000000000000000000000000004000000000000000000000000000000000000000000000000000000000000000030000000000000000000000000dcd1bf9a1b36ce34237eeafef220932846bcd820000000000000000000000008a791620dd6260079bf849dc5567adc3f2fdc3180000000000000000000000009a676e781a523b5d0c0e43731313a708cb607508","accessList":null},"error":{"reason":"processing response error","code":"SERVER_ERROR","body":"{\"jsonrpc\":\"2.0\",\"id\":50,\"error\":{\"code\":-32603,\"message\":\"Error: VM Exception while processing transaction: reverted with reason string 'UniswapV2Library: INSUFFICIENT_LIQUIDITY'\"}}","error":{"code":-32603},"requestBody":"{\"method\":\"eth_call\",\"params\":[{\"to\":\"0xa51c1fc2f0d1a1b8494ed1fe312d7c3a78ed91c0\",\"data\":\"0xd06ca61f000000000000000000000000000000000000000000000000000001d1a94a2000000000000000000000000000000000000000000000000000000000000000004000000000000000000000000000000000000000000000000000000000000000030000000000000000000000000dcd1bf9a1b36ce34237eeafef220932846bcd820000000000000000000000008a791620dd6260079bf849dc5567adc3f2fdc3180000000000000000000000009a676e781a523b5d0c0e43731313a708cb607508\"},\"latest\"],\"id\":50,\"jsonrpc\":\"2.0\"}","requestMethod":"POST","url":"http://localhost:8545"}}
2023-09-11 04:35:55:3555 error: {"reason":"missing revert data in call exception; Transaction reverted without a reason string","code":"CALL_EXCEPTION","data":"0x","transaction":{"to":"0xA51c1fc2f0D1a1b8494Ed1FE312d7C3a78Ed91C0","data":"0xd06ca61f000000000000000000000000000000000000000000000000000001d1a94a2000000000000000000000000000000000000000000000000000000000000000004000000000000000000000000000000000000000000000000000000000000000030000000000000000000000000dcd1bf9a1b36ce34237eeafef220932846bcd820000000000000000000000008a791620dd6260079bf849dc5567adc3f2fdc3180000000000000000000000009a676e781a523b5d0c0e43731313a708cb607508","accessList":null},"error":{"reason":"processing response error","code":"SERVER_ERROR","body":"{\"jsonrpc\":\"2.0\",\"id\":50,\"error\":{\"code\":-32603,\"message\":\"Error: VM Exception while processing transaction: reverted with reason string 'UniswapV2Library: INSUFFICIENT_LIQUIDITY'\"}}","error":{"code":-32603},"requestBody":"{\"method\":\"eth_call\",\"params\":[{\"to\":\"0xa51c1fc2f0d1a1b8494ed1fe312d7c3a78ed91c0\",\"data\":\"0xd06ca61f000000000000000000000000000000000000000000000000000001d1a94a2000000000000000000000000000000000000000000000000000000000000000004000000000000000000000000000000000000000000000000000000000000000030000000000000000000000000dcd1bf9a1b36ce34237eeafef220932846bcd820000000000000000000000008a791620dd6260079bf849dc5567adc3f2fdc3180000000000000000000000009a676e781a523b5d0c0e43731313a708cb607508\"},\"latest\"],\"id\":50,\"jsonrpc\":\"2.0\"}","requestMethod":"POST","url":"http://localhost:8545"}}
2023-09-11 04:44:41:4441 error: {"reason":"missing revert data in call exception; Transaction reverted without a reason string","code":"CALL_EXCEPTION","data":"0x","transaction":{"to":"0xA51c1fc2f0D1a1b8494Ed1FE312d7C3a78Ed91C0","data":"0xd06ca61f000000000000000000000000000000000000000000000000000003024a473ac0000000000000000000000000000000000000000000000000000000000000004000000000000000000000000000000000000000000000000000000000000000030000000000000000000000000dcd1bf9a1b36ce34237eeafef220932846bcd820000000000000000000000008a791620dd6260079bf849dc5567adc3f2fdc3180000000000000000000000009a676e781a523b5d0c0e43731313a708cb607508","accessList":null},"error":{"reason":"processing response error","code":"SERVER_ERROR","body":"{\"jsonrpc\":\"2.0\",\"id\":50,\"error\":{\"code\":-32603,\"message\":\"Error: VM Exception while processing transaction: reverted with reason string 'UniswapV2Library: INSUFFICIENT_LIQUIDITY'\"}}","error":{"code":-32603},"requestBody":"{\"method\":\"eth_call\",\"params\":[{\"to\":\"0xa51c1fc2f0d1a1b8494ed1fe312d7c3a78ed91c0\",\"data\":\"0xd06ca61f000000000000000000000000000000000000000000000000000003024a473ac0000000000000000000000000000000000000000000000000000000000000004000000000000000000000000000000000000000000000000000000000000000030000000000000000000000000dcd1bf9a1b36ce34237eeafef220932846bcd820000000000000000000000008a791620dd6260079bf849dc5567adc3f2fdc3180000000000000000000000009a676e781a523b5d0c0e43731313a708cb607508\"},\"latest\"],\"id\":50,\"jsonrpc\":\"2.0\"}","requestMethod":"POST","url":"http://localhost:8545"}}
2023-09-11 04:46:05:465 error: {"reason":"missing revert data in call exception; Transaction reverted without a reason string","code":"CALL_EXCEPTION","data":"0x","transaction":{"to":"0xA51c1fc2f0D1a1b8494Ed1FE312d7C3a78Ed91C0","data":"0xd06ca61f000000000000000000000000000000000000000000000000000003024a473ac0000000000000000000000000000000000000000000000000000000000000004000000000000000000000000000000000000000000000000000000000000000030000000000000000000000009a676e781a523b5d0c0e43731313a708cb6075080000000000000000000000008a791620dd6260079bf849dc5567adc3f2fdc3180000000000000000000000000dcd1bf9a1b36ce34237eeafef220932846bcd82","accessList":null},"error":{"reason":"processing response error","code":"SERVER_ERROR","body":"{\"jsonrpc\":\"2.0\",\"id\":50,\"error\":{\"code\":-32603,\"message\":\"Error: VM Exception while processing transaction: reverted with reason string 'UniswapV2Library: INSUFFICIENT_LIQUIDITY'\"}}","error":{"code":-32603},"requestBody":"{\"method\":\"eth_call\",\"params\":[{\"to\":\"0xa51c1fc2f0d1a1b8494ed1fe312d7c3a78ed91c0\",\"data\":\"0xd06ca61f000000000000000000000000000000000000000000000000000003024a473ac0000000000000000000000000000000000000000000000000000000000000004000000000000000000000000000000000000000000000000000000000000000030000000000000000000000009a676e781a523b5d0c0e43731313a708cb6075080000000000000000000000008a791620dd6260079bf849dc5567adc3f2fdc3180000000000000000000000000dcd1bf9a1b36ce34237eeafef220932846bcd82\"},\"latest\"],\"id\":50,\"jsonrpc\":\"2.0\"}","requestMethod":"POST","url":"http://localhost:8545"}}
2023-09-11 04:49:50:4950 error: {"reason":"invalid BigNumber value","code":"INVALID_ARGUMENT","argument":"value"}
2023-09-11 04:53:23:5323 error: {"reason":"invalid BigNumber value","code":"INVALID_ARGUMENT","argument":"value"}
2023-09-11 04:54:17:5417 error: {"reason":"invalid BigNumber value","code":"INVALID_ARGUMENT","argument":"value"}
2023-09-11 04:55:00:550 error: {"reason":"invalid BigNumber value","code":"INVALID_ARGUMENT","argument":"value"}
2023-09-11 04:55:05:555 error: {"reason":"invalid BigNumber value","code":"INVALID_ARGUMENT","argument":"value"}
2023-09-11 04:55:19:5519 error: {"reason":"invalid BigNumber value","code":"INVALID_ARGUMENT","argument":"value"}
2023-09-11 04:57:42:5742 error: {"reason":"invalid BigNumber value","code":"INVALID_ARGUMENT","argument":"value"}
2023-09-11 04:58:00:580 error: {"reason":"invalid BigNumber value","code":"INVALID_ARGUMENT","argument":"value"}
2023-09-11 04:58:04:584 error: {"reason":"missing revert data in call exception; Transaction reverted without a reason string","code":"CALL_EXCEPTION","data":"0x","transaction":{"to":"0xA51c1fc2f0D1a1b8494Ed1FE312d7C3a78Ed91C0","data":"0xd06ca61f0000000000000000000000000000000000000000000000000000047d3749b340000000000000000000000000000000000000000000000000000000000000004000000000000000000000000000000000000000000000000000000000000000030000000000000000000000009a676e781a523b5d0c0e43731313a708cb6075080000000000000000000000008a791620dd6260079bf849dc5567adc3f2fdc3180000000000000000000000000dcd1bf9a1b36ce34237eeafef220932846bcd82","accessList":null},"error":{"reason":"processing response error","code":"SERVER_ERROR","body":"{\"jsonrpc\":\"2.0\",\"id\":50,\"error\":{\"code\":-32603,\"message\":\"Error: VM Exception while processing transaction: reverted with reason string 'UniswapV2Library: INSUFFICIENT_LIQUIDITY'\"}}","error":{"code":-32603},"requestBody":"{\"method\":\"eth_call\",\"params\":[{\"to\":\"0xa51c1fc2f0d1a1b8494ed1fe312d7c3a78ed91c0\",\"data\":\"0xd06ca61f0000000000000000000000000000000000000000000000000000047d3749b340000000000000000000000000000000000000000000000000000000000000004000000000000000000000000000000000000000000000000000000000000000030000000000000000000000009a676e781a523b5d0c0e43731313a708cb6075080000000000000000000000008a791620dd6260079bf849dc5567adc3f2fdc3180000000000000000000000000dcd1bf9a1b36ce34237eeafef220932846bcd82\"},\"latest\"],\"id\":50,\"jsonrpc\":\"2.0\"}","requestMethod":"POST","url":"http://localhost:8545"}}
2023-09-11 05:30:28:3028 error: {"reason":"missing revert data in call exception; Transaction reverted without a reason string","code":"CALL_EXCEPTION","data":"0x","transaction":{"to":"0xA51c1fc2f0D1a1b8494Ed1FE312d7C3a78Ed91C0","data":"0xd06ca61f000000000000000000000000000000000000000000000000000001d1a94a2000000000000000000000000000000000000000000000000000000000000000004000000000000000000000000000000000000000000000000000000000000000030000000000000000000000009a676e781a523b5d0c0e43731313a708cb6075080000000000000000000000008a791620dd6260079bf849dc5567adc3f2fdc3180000000000000000000000000dcd1bf9a1b36ce34237eeafef220932846bcd82","accessList":null},"error":{"reason":"processing response error","code":"SERVER_ERROR","body":"{\"jsonrpc\":\"2.0\",\"id\":50,\"error\":{\"code\":-32603,\"message\":\"Error: VM Exception while processing transaction: reverted with reason string 'UniswapV2Library: INSUFFICIENT_LIQUIDITY'\"}}","error":{"code":-32603},"requestBody":"{\"method\":\"eth_call\",\"params\":[{\"to\":\"0xa51c1fc2f0d1a1b8494ed1fe312d7c3a78ed91c0\",\"data\":\"0xd06ca61f000000000000000000000000000000000000000000000000000001d1a94a2000000000000000000000000000000000000000000000000000000000000000004000000000000000000000000000000000000000000000000000000000000000030000000000000000000000009a676e781a523b5d0c0e43731313a708cb6075080000000000000000000000008a791620dd6260079bf849dc5567adc3f2fdc3180000000000000000000000000dcd1bf9a1b36ce34237eeafef220932846bcd82\"},\"latest\"],\"id\":50,\"jsonrpc\":\"2.0\"}","requestMethod":"POST","url":"http://localhost:8545"}}
2023-09-11 05:31:06:316 error: {"reason":"missing revert data in call exception; Transaction reverted without a reason string","code":"CALL_EXCEPTION","data":"0x","transaction":{"to":"0xA51c1fc2f0D1a1b8494Ed1FE312d7C3a78Ed91C0","data":"0xd06ca61f000000000000000000000000000000000000000000000000000001d1a94a2000000000000000000000000000000000000000000000000000000000000000004000000000000000000000000000000000000000000000000000000000000000030000000000000000000000009a676e781a523b5d0c0e43731313a708cb6075080000000000000000000000008a791620dd6260079bf849dc5567adc3f2fdc3180000000000000000000000000dcd1bf9a1b36ce34237eeafef220932846bcd82","accessList":null},"error":{"reason":"processing response error","code":"SERVER_ERROR","body":"{\"jsonrpc\":\"2.0\",\"id\":50,\"error\":{\"code\":-32603,\"message\":\"Error: VM Exception while processing transaction: reverted with reason string 'UniswapV2Library: INSUFFICIENT_LIQUIDITY'\"}}","error":{"code":-32603},"requestBody":"{\"method\":\"eth_call\",\"params\":[{\"to\":\"0xa51c1fc2f0d1a1b8494ed1fe312d7c3a78ed91c0\",\"data\":\"0xd06ca61f000000000000000000000000000000000000000000000000000001d1a94a2000000000000000000000000000000000000000000000000000000000000000004000000000000000000000000000000000000000000000000000000000000000030000000000000000000000009a676e781a523b5d0c0e43731313a708cb6075080000000000000000000000008a791620dd6260079bf849dc5567adc3f2fdc3180000000000000000000000000dcd1bf9a1b36ce34237eeafef220932846bcd82\"},\"latest\"],\"id\":50,\"jsonrpc\":\"2.0\"}","requestMethod":"POST","url":"http://localhost:8545"}}
2023-09-11 05:31:10:3110 error: {"reason":"missing revert data in call exception; Transaction reverted without a reason string","code":"CALL_EXCEPTION","data":"0x","transaction":{"to":"0xA51c1fc2f0D1a1b8494Ed1FE312d7C3a78Ed91C0","data":"0xd06ca61f000000000000000000000000000000000000000000000000000001d1a94a2000000000000000000000000000000000000000000000000000000000000000004000000000000000000000000000000000000000000000000000000000000000030000000000000000000000009a676e781a523b5d0c0e43731313a708cb6075080000000000000000000000008a791620dd6260079bf849dc5567adc3f2fdc3180000000000000000000000000dcd1bf9a1b36ce34237eeafef220932846bcd82","accessList":null},"error":{"reason":"processing response error","code":"SERVER_ERROR","body":"{\"jsonrpc\":\"2.0\",\"id\":50,\"error\":{\"code\":-32603,\"message\":\"Error: VM Exception while processing transaction: reverted with reason string 'UniswapV2Library: INSUFFICIENT_LIQUIDITY'\"}}","error":{"code":-32603},"requestBody":"{\"method\":\"eth_call\",\"params\":[{\"to\":\"0xa51c1fc2f0d1a1b8494ed1fe312d7c3a78ed91c0\",\"data\":\"0xd06ca61f000000000000000000000000000000000000000000000000000001d1a94a2000000000000000000000000000000000000000000000000000000000000000004000000000000000000000000000000000000000000000000000000000000000030000000000000000000000009a676e781a523b5d0c0e43731313a708cb6075080000000000000000000000008a791620dd6260079bf849dc5567adc3f2fdc3180000000000000000000000000dcd1bf9a1b36ce34237eeafef220932846bcd82\"},\"latest\"],\"id\":50,\"jsonrpc\":\"2.0\"}","requestMethod":"POST","url":"http://localhost:8545"}}
2023-09-11 05:31:14:3114 error: {"reason":"missing revert data in call exception; Transaction reverted without a reason string","code":"CALL_EXCEPTION","data":"0x","transaction":{"to":"0xA51c1fc2f0D1a1b8494Ed1FE312d7C3a78Ed91C0","data":"0xd06ca61f000000000000000000000000000000000000000000000000000001d1a94a2000000000000000000000000000000000000000000000000000000000000000004000000000000000000000000000000000000000000000000000000000000000030000000000000000000000009a676e781a523b5d0c0e43731313a708cb6075080000000000000000000000008a791620dd6260079bf849dc5567adc3f2fdc3180000000000000000000000000dcd1bf9a1b36ce34237eeafef220932846bcd82","accessList":null},"error":{"reason":"processing response error","code":"SERVER_ERROR","body":"{\"jsonrpc\":\"2.0\",\"id\":50,\"error\":{\"code\":-32603,\"message\":\"Error: VM Exception while processing transaction: reverted with reason string 'UniswapV2Library: INSUFFICIENT_LIQUIDITY'\"}}","error":{"code":-32603},"requestBody":"{\"method\":\"eth_call\",\"params\":[{\"to\":\"0xa51c1fc2f0d1a1b8494ed1fe312d7c3a78ed91c0\",\"data\":\"0xd06ca61f000000000000000000000000000000000000000000000000000001d1a94a2000000000000000000000000000000000000000000000000000000000000000004000000000000000000000000000000000000000000000000000000000000000030000000000000000000000009a676e781a523b5d0c0e43731313a708cb6075080000000000000000000000008a791620dd6260079bf849dc5567adc3f2fdc3180000000000000000000000000dcd1bf9a1b36ce34237eeafef220932846bcd82\"},\"latest\"],\"id\":50,\"jsonrpc\":\"2.0\"}","requestMethod":"POST","url":"http://localhost:8545"}}
2023-09-11 05:31:17:3117 error: {"reason":"missing revert data in call exception; Transaction reverted without a reason string","code":"CALL_EXCEPTION","data":"0x","transaction":{"to":"0xA51c1fc2f0D1a1b8494Ed1FE312d7C3a78Ed91C0","data":"0xd06ca61f000000000000000000000000000000000000000000000000000001d1a94a2000000000000000000000000000000000000000000000000000000000000000004000000000000000000000000000000000000000000000000000000000000000030000000000000000000000009a676e781a523b5d0c0e43731313a708cb6075080000000000000000000000008a791620dd6260079bf849dc5567adc3f2fdc3180000000000000000000000000dcd1bf9a1b36ce34237eeafef220932846bcd82","accessList":null},"error":{"reason":"processing response error","code":"SERVER_ERROR","body":"{\"jsonrpc\":\"2.0\",\"id\":50,\"error\":{\"code\":-32603,\"message\":\"Error: VM Exception while processing transaction: reverted with reason string 'UniswapV2Library: INSUFFICIENT_LIQUIDITY'\"}}","error":{"code":-32603},"requestBody":"{\"method\":\"eth_call\",\"params\":[{\"to\":\"0xa51c1fc2f0d1a1b8494ed1fe312d7c3a78ed91c0\",\"data\":\"0xd06ca61f000000000000000000000000000000000000000000000000000001d1a94a2000000000000000000000000000000000000000000000000000000000000000004000000000000000000000000000000000000000000000000000000000000000030000000000000000000000009a676e781a523b5d0c0e43731313a708cb6075080000000000000000000000008a791620dd6260079bf849dc5567adc3f2fdc3180000000000000000000000000dcd1bf9a1b36ce34237eeafef220932846bcd82\"},\"latest\"],\"id\":50,\"jsonrpc\":\"2.0\"}","requestMethod":"POST","url":"http://localhost:8545"}}
2023-09-11 14:09:26:926 error: {"reason":"missing revert data in call exception; Transaction reverted without a reason string","code":"CALL_EXCEPTION","data":"0x","transaction":{"to":"0x9dcf1ab6107fb4893994CDB8C86e153D3b36efd8","data":"0xd06ca61f0000000000000000000000000000000000000000000000000de0b6b3a764000000000000000000000000000000000000000000000000000000000000000000400000000000000000000000000000000000000000000000000000000000000003000000000000000000000000111111111117dc0aa78b770fa6a738034120c302000000000000000000000000c02aaa39b223fe8d0a0e5c4f27ead9083c756cc20000000000000000000000007fc66500c84a76ad7e9c93437bfc5ac33e2ddae9","accessList":null},"error":{"reason":"processing response error","code":"SERVER_ERROR","body":"{\"jsonrpc\":\"2.0\",\"id\":50,\"error\":{\"code\":-32000,\"message\":\"execution reverted\"}}","error":{"code":-32000},"requestBody":"{\"method\":\"eth_call\",\"params\":[{\"to\":\"0x9dcf1ab6107fb4893994cdb8c86e153d3b36efd8\",\"data\":\"0xd06ca61f0000000000000000000000000000000000000000000000000de0b6b3a764000000000000000000000000000000000000000000000000000000000000000000400000000000000000000000000000000000000000000000000000000000000003000000000000000000000000111111111117dc0aa78b770fa6a738034120c302000000000000000000000000c02aaa39b223fe8d0a0e5c4f27ead9083c756cc20000000000000000000000007fc66500c84a76ad7e9c93437bfc5ac33e2ddae9\"},\"latest\"],\"id\":50,\"jsonrpc\":\"2.0\"}","requestMethod":"POST","url":"https://rpc.ankr.com/eth"}}
2023-09-11 14:10:04:104 error: {"reason":"missing revert data in call exception; Transaction reverted without a reason string","code":"CALL_EXCEPTION","data":"0x","transaction":{"to":"0x9dcf1ab6107fb4893994CDB8C86e153D3b36efd8","data":"0xd06ca61f0000000000000000000000000000000000000000000000000de0b6b3a764000000000000000000000000000000000000000000000000000000000000000000400000000000000000000000000000000000000000000000000000000000000003000000000000000000000000111111111117dc0aa78b770fa6a738034120c302000000000000000000000000c02aaa39b223fe8d0a0e5c4f27ead9083c756cc20000000000000000000000007fc66500c84a76ad7e9c93437bfc5ac33e2ddae9","accessList":null},"error":{"reason":"processing response error","code":"SERVER_ERROR","body":"{\"jsonrpc\":\"2.0\",\"id\":50,\"error\":{\"code\":-32000,\"message\":\"execution reverted\"}}","error":{"code":-32000},"requestBody":"{\"method\":\"eth_call\",\"params\":[{\"to\":\"0x9dcf1ab6107fb4893994cdb8c86e153d3b36efd8\",\"data\":\"0xd06ca61f0000000000000000000000000000000000000000000000000de0b6b3a764000000000000000000000000000000000000000000000000000000000000000000400000000000000000000000000000000000000000000000000000000000000003000000000000000000000000111111111117dc0aa78b770fa6a738034120c302000000000000000000000000c02aaa39b223fe8d0a0e5c4f27ead9083c756cc20000000000000000000000007fc66500c84a76ad7e9c93437bfc5ac33e2ddae9\"},\"latest\"],\"id\":50,\"jsonrpc\":\"2.0\"}","requestMethod":"POST","url":"https://rpc.ankr.com/eth"}}
2023-09-11 14:10:57:1057 error: {"reason":"missing revert data in call exception; Transaction reverted without a reason string","code":"CALL_EXCEPTION","data":"0x","transaction":{"to":"0x9dcf1ab6107fb4893994CDB8C86e153D3b36efd8","data":"0xd06ca61f0000000000000000000000000000000000000000000000000de0b6b3a764000000000000000000000000000000000000000000000000000000000000000000400000000000000000000000000000000000000000000000000000000000000003000000000000000000000000111111111117dc0aa78b770fa6a738034120c302000000000000000000000000c02aaa39b223fe8d0a0e5c4f27ead9083c756cc20000000000000000000000007fc66500c84a76ad7e9c93437bfc5ac33e2ddae9","accessList":null},"error":{"reason":"processing response error","code":"SERVER_ERROR","body":"{\"jsonrpc\":\"2.0\",\"id\":50,\"error\":{\"code\":-32000,\"message\":\"execution reverted\"}}","error":{"code":-32000},"requestBody":"{\"method\":\"eth_call\",\"params\":[{\"to\":\"0x9dcf1ab6107fb4893994cdb8c86e153d3b36efd8\",\"data\":\"0xd06ca61f0000000000000000000000000000000000000000000000000de0b6b3a764000000000000000000000000000000000000000000000000000000000000000000400000000000000000000000000000000000000000000000000000000000000003000000000000000000000000111111111117dc0aa78b770fa6a738034120c302000000000000000000000000c02aaa39b223fe8d0a0e5c4f27ead9083c756cc20000000000000000000000007fc66500c84a76ad7e9c93437bfc5ac33e2ddae9\"},\"latest\"],\"id\":50,\"jsonrpc\":\"2.0\"}","requestMethod":"POST","url":"https://rpc.ankr.com/eth"}}
2023-09-11 14:45:42:4542 error: {"reason":"missing revert data in call exception; Transaction reverted without a reason string","code":"CALL_EXCEPTION","data":"0x","transaction":{"to":"0x9dcf1ab6107fb4893994CDB8C86e153D3b36efd8","data":"0xd06ca61f0000000000000000000000000000000000000000000000000de0b6b3a764000000000000000000000000000000000000000000000000000000000000000000400000000000000000000000000000000000000000000000000000000000000003000000000000000000000000111111111117dc0aa78b770fa6a738034120c302000000000000000000000000c02aaa39b223fe8d0a0e5c4f27ead9083c756cc20000000000000000000000007fc66500c84a76ad7e9c93437bfc5ac33e2ddae9","accessList":null},"error":{"reason":"processing response error","code":"SERVER_ERROR","body":"{\"jsonrpc\":\"2.0\",\"id\":50,\"error\":{\"code\":-32000,\"message\":\"execution reverted\"}}","error":{"code":-32000},"requestBody":"{\"method\":\"eth_call\",\"params\":[{\"to\":\"0x9dcf1ab6107fb4893994cdb8c86e153d3b36efd8\",\"data\":\"0xd06ca61f0000000000000000000000000000000000000000000000000de0b6b3a764000000000000000000000000000000000000000000000000000000000000000000400000000000000000000000000000000000000000000000000000000000000003000000000000000000000000111111111117dc0aa78b770fa6a738034120c302000000000000000000000000c02aaa39b223fe8d0a0e5c4f27ead9083c756cc20000000000000000000000007fc66500c84a76ad7e9c93437bfc5ac33e2ddae9\"},\"latest\"],\"id\":50,\"jsonrpc\":\"2.0\"}","requestMethod":"POST","url":"https://rpc.ankr.com/eth"}}
2023-09-11 14:45:53:4553 error: {"reason":"missing revert data in call exception; Transaction reverted without a reason string","code":"CALL_EXCEPTION","data":"0x","transaction":{"to":"0x9dcf1ab6107fb4893994CDB8C86e153D3b36efd8","data":"0xd06ca61f0000000000000000000000000000000000000000000000000de0b6b3a764000000000000000000000000000000000000000000000000000000000000000000400000000000000000000000000000000000000000000000000000000000000003000000000000000000000000111111111117dc0aa78b770fa6a738034120c302000000000000000000000000c02aaa39b223fe8d0a0e5c4f27ead9083c756cc20000000000000000000000007fc66500c84a76ad7e9c93437bfc5ac33e2ddae9","accessList":null},"error":{"reason":"processing response error","code":"SERVER_ERROR","body":"{\"jsonrpc\":\"2.0\",\"id\":50,\"error\":{\"code\":-32000,\"message\":\"execution reverted\"}}","error":{"code":-32000},"requestBody":"{\"method\":\"eth_call\",\"params\":[{\"to\":\"0x9dcf1ab6107fb4893994cdb8c86e153d3b36efd8\",\"data\":\"0xd06ca61f0000000000000000000000000000000000000000000000000de0b6b3a764000000000000000000000000000000000000000000000000000000000000000000400000000000000000000000000000000000000000000000000000000000000003000000000000000000000000111111111117dc0aa78b770fa6a738034120c302000000000000000000000000c02aaa39b223fe8d0a0e5c4f27ead9083c756cc20000000000000000000000007fc66500c84a76ad7e9c93437bfc5ac33e2ddae9\"},\"latest\"],\"id\":50,\"jsonrpc\":\"2.0\"}","requestMethod":"POST","url":"https://rpc.ankr.com/eth"}}
2023-09-11 14:49:06:496 error: {"reason":"missing revert data in call exception; Transaction reverted without a reason string","code":"CALL_EXCEPTION","data":"0x","transaction":{"to":"0x9dcf1ab6107fb4893994CDB8C86e153D3b36efd8","data":"0xd06ca61f0000000000000000000000000000000000000000000000000de0b6b3a764000000000000000000000000000000000000000000000000000000000000000000400000000000000000000000000000000000000000000000000000000000000003000000000000000000000000111111111117dc0aa78b770fa6a738034120c302000000000000000000000000c02aaa39b223fe8d0a0e5c4f27ead9083c756cc20000000000000000000000007fc66500c84a76ad7e9c93437bfc5ac33e2ddae9","accessList":null},"error":{"reason":"processing response error","code":"SERVER_ERROR","body":"{\"jsonrpc\":\"2.0\",\"id\":50,\"error\":{\"code\":-32000,\"message\":\"execution reverted\"}}","error":{"code":-32000},"requestBody":"{\"method\":\"eth_call\",\"params\":[{\"to\":\"0x9dcf1ab6107fb4893994cdb8c86e153d3b36efd8\",\"data\":\"0xd06ca61f0000000000000000000000000000000000000000000000000de0b6b3a764000000000000000000000000000000000000000000000000000000000000000000400000000000000000000000000000000000000000000000000000000000000003000000000000000000000000111111111117dc0aa78b770fa6a738034120c302000000000000000000000000c02aaa39b223fe8d0a0e5c4f27ead9083c756cc20000000000000000000000007fc66500c84a76ad7e9c93437bfc5ac33e2ddae9\"},\"latest\"],\"id\":50,\"jsonrpc\":\"2.0\"}","requestMethod":"POST","url":"https://rpc.ankr.com/eth"}}
2023-09-11 14:49:18:4918 error: {"reason":"missing revert data in call exception; Transaction reverted without a reason string","code":"CALL_EXCEPTION","data":"0x","transaction":{"to":"0x9dcf1ab6107fb4893994CDB8C86e153D3b36efd8","data":"0xd06ca61f0000000000000000000000000000000000000000000000000de0b6b3a764000000000000000000000000000000000000000000000000000000000000000000400000000000000000000000000000000000000000000000000000000000000003000000000000000000000000111111111117dc0aa78b770fa6a738034120c302000000000000000000000000c02aaa39b223fe8d0a0e5c4f27ead9083c756cc20000000000000000000000007fc66500c84a76ad7e9c93437bfc5ac33e2ddae9","accessList":null},"error":{"reason":"processing response error","code":"SERVER_ERROR","body":"{\"jsonrpc\":\"2.0\",\"id\":50,\"error\":{\"code\":-32000,\"message\":\"execution reverted\"}}","error":{"code":-32000},"requestBody":"{\"method\":\"eth_call\",\"params\":[{\"to\":\"0x9dcf1ab6107fb4893994cdb8c86e153d3b36efd8\",\"data\":\"0xd06ca61f0000000000000000000000000000000000000000000000000de0b6b3a764000000000000000000000000000000000000000000000000000000000000000000400000000000000000000000000000000000000000000000000000000000000003000000000000000000000000111111111117dc0aa78b770fa6a738034120c302000000000000000000000000c02aaa39b223fe8d0a0e5c4f27ead9083c756cc20000000000000000000000007fc66500c84a76ad7e9c93437bfc5ac33e2ddae9\"},\"latest\"],\"id\":50,\"jsonrpc\":\"2.0\"}","requestMethod":"POST","url":"https://rpc.ankr.com/eth"}}
2023-09-11 15:00:12:012 error: {"reason":"missing revert data in call exception; Transaction reverted without a reason string","code":"CALL_EXCEPTION","data":"0x","transaction":{"to":"0x9dcf1ab6107fb4893994CDB8C86e153D3b36efd8","data":"0xd06ca61f0000000000000000000000000000000000000000000000000de0b6b3a764000000000000000000000000000000000000000000000000000000000000000000400000000000000000000000000000000000000000000000000000000000000003000000000000000000000000111111111117dc0aa78b770fa6a738034120c302000000000000000000000000c02aaa39b223fe8d0a0e5c4f27ead9083c756cc20000000000000000000000007fc66500c84a76ad7e9c93437bfc5ac33e2ddae9","accessList":null},"error":{"reason":"processing response error","code":"SERVER_ERROR","body":"{\"jsonrpc\":\"2.0\",\"id\":50,\"error\":{\"code\":-32000,\"message\":\"execution reverted\"}}","error":{"code":-32000},"requestBody":"{\"method\":\"eth_call\",\"params\":[{\"to\":\"0x9dcf1ab6107fb4893994cdb8c86e153d3b36efd8\",\"data\":\"0xd06ca61f0000000000000000000000000000000000000000000000000de0b6b3a764000000000000000000000000000000000000000000000000000000000000000000400000000000000000000000000000000000000000000000000000000000000003000000000000000000000000111111111117dc0aa78b770fa6a738034120c302000000000000000000000000c02aaa39b223fe8d0a0e5c4f27ead9083c756cc20000000000000000000000007fc66500c84a76ad7e9c93437bfc5ac33e2ddae9\"},\"latest\"],\"id\":50,\"jsonrpc\":\"2.0\"}","requestMethod":"POST","url":"https://rpc.ankr.com/eth"}}
2023-09-11 15:00:24:024 error: {"reason":"missing revert data in call exception; Transaction reverted without a reason string","code":"CALL_EXCEPTION","data":"0x","transaction":{"to":"0x9dcf1ab6107fb4893994CDB8C86e153D3b36efd8","data":"0xd06ca61f0000000000000000000000000000000000000000000000000de0b6b3a764000000000000000000000000000000000000000000000000000000000000000000400000000000000000000000000000000000000000000000000000000000000003000000000000000000000000111111111117dc0aa78b770fa6a738034120c302000000000000000000000000c02aaa39b223fe8d0a0e5c4f27ead9083c756cc20000000000000000000000007fc66500c84a76ad7e9c93437bfc5ac33e2ddae9","accessList":null},"error":{"reason":"processing response error","code":"SERVER_ERROR","body":"{\"jsonrpc\":\"2.0\",\"id\":50,\"error\":{\"code\":-32000,\"message\":\"execution reverted\"}}","error":{"code":-32000},"requestBody":"{\"method\":\"eth_call\",\"params\":[{\"to\":\"0x9dcf1ab6107fb4893994cdb8c86e153d3b36efd8\",\"data\":\"0xd06ca61f0000000000000000000000000000000000000000000000000de0b6b3a764000000000000000000000000000000000000000000000000000000000000000000400000000000000000000000000000000000000000000000000000000000000003000000000000000000000000111111111117dc0aa78b770fa6a738034120c302000000000000000000000000c02aaa39b223fe8d0a0e5c4f27ead9083c756cc20000000000000000000000007fc66500c84a76ad7e9c93437bfc5ac33e2ddae9\"},\"latest\"],\"id\":50,\"jsonrpc\":\"2.0\"}","requestMethod":"POST","url":"https://rpc.ankr.com/eth"}}
